2023-12-27 02:19:21,874 DEBUG o.a.i.l.LogFactory [main] Logging initialized using 'class org.apache.ibatis.logging.log4j2.Log4j2Impl' adapter.
2023-12-27 02:19:21,910 DEBUG o.a.i.d.p.PooledDataSource [main] PooledDataSource forcefully closed/removed all connections.
2023-12-27 02:19:21,913 DEBUG o.a.i.d.p.PooledDataSource [main] PooledDataSource forcefully closed/removed all connections.
2023-12-27 02:19:21,914 DEBUG o.a.i.d.p.PooledDataSource [main] PooledDataSource forcefully closed/removed all connections.
2023-12-27 02:19:21,916 DEBUG o.a.i.d.p.PooledDataSource [main] PooledDataSource forcefully closed/removed all connections.
2023-12-27 02:19:22,185 DEBUG o.a.i.t.j.JdbcTransaction [main] Opening JDBC Connection
2023-12-27 02:19:23,284 DEBUG o.a.i.d.p.PooledDataSource [main] Created connection 1498016680.
2023-12-27 02:19:23,295 DEBUG o.a.i.l.j.BaseJdbcLogger [main] ==>  Preparing: select * from users where id = ?
2023-12-27 02:19:23,381 DEBUG o.a.i.l.j.BaseJdbcLogger [main] ==> Parameters: 9(Integer)
2023-12-27 02:19:23,457 DEBUG o.a.i.l.j.BaseJdbcLogger [main] <==      Total: 0
2023-12-27 02:19:23,468 DEBUG o.a.i.l.j.BaseJdbcLogger [main] ==>  Preparing: select * from users
2023-12-27 02:19:23,471 DEBUG o.a.i.l.j.BaseJdbcLogger [main] ==> Parameters: 
2023-12-27 02:19:23,487 DEBUG o.a.i.l.j.BaseJdbcLogger [main] <==      Total: 4
2023-12-27 02:19:23,513 INFO j.u.ArrayList [main] User{firstName='Fausto', lastName='Villegas', age=19, id=5}
2023-12-27 02:19:23,514 INFO j.u.ArrayList [main] User{firstName='Manuel', lastName='Raimondi', age=23, id=6}
2023-12-27 02:19:23,516 INFO j.u.ArrayList [main] User{firstName='Bruno', lastName='Rodriguez', age=15, id=7}
2023-12-27 02:19:23,517 INFO j.u.ArrayList [main] User{firstName='Matias', lastName='Lopez', age=35, id=8}
2023-12-27 02:19:23,519 DEBUG o.a.i.l.j.BaseJdbcLogger [main] ==>  Preparing: delete from users where id=?
2023-12-27 02:19:23,522 DEBUG o.a.i.l.j.BaseJdbcLogger [main] ==> Parameters: 9(Integer)
2023-12-27 02:19:23,528 DEBUG o.a.i.l.j.BaseJdbcLogger [main] <==    Updates: 0
2023-12-27 02:19:23,530 DEBUG o.a.i.l.j.BaseJdbcLogger [main] ==>  Preparing: select * from users
2023-12-27 02:19:23,531 DEBUG o.a.i.l.j.BaseJdbcLogger [main] ==> Parameters: 
2023-12-27 02:19:23,537 DEBUG o.a.i.l.j.BaseJdbcLogger [main] <==      Total: 4
2023-12-27 02:19:23,539 INFO j.u.ArrayList [main] User{firstName='Fausto', lastName='Villegas', age=19, id=5}
2023-12-27 02:19:23,540 INFO j.u.ArrayList [main] User{firstName='Manuel', lastName='Raimondi', age=23, id=6}
2023-12-27 02:19:23,541 INFO j.u.ArrayList [main] User{firstName='Bruno', lastName='Rodriguez', age=15, id=7}
2023-12-27 02:19:23,541 INFO j.u.ArrayList [main] User{firstName='Matias', lastName='Lopez', age=35, id=8}
2023-12-27 02:19:23,543 DEBUG o.a.i.l.j.BaseJdbcLogger [main] ==>  Preparing: insert into users (`name`,`last_name`,`age`) value (?,?,?)
2023-12-27 02:19:23,555 DEBUG o.a.i.l.j.BaseJdbcLogger [main] ==> Parameters: null, null, null
