2023-12-27 03:16:48,270 DEBUG o.a.i.l.LogFactory [main] Logging initialized using 'class org.apache.ibatis.logging.log4j2.Log4j2Impl' adapter.
2023-12-27 03:16:48,305 DEBUG o.a.i.d.p.PooledDataSource [main] PooledDataSource forcefully closed/removed all connections.
2023-12-27 03:16:48,307 DEBUG o.a.i.d.p.PooledDataSource [main] PooledDataSource forcefully closed/removed all connections.
2023-12-27 03:16:48,309 DEBUG o.a.i.d.p.PooledDataSource [main] PooledDataSource forcefully closed/removed all connections.
2023-12-27 03:16:48,310 DEBUG o.a.i.d.p.PooledDataSource [main] PooledDataSource forcefully closed/removed all connections.
2023-12-27 03:16:48,631 DEBUG o.a.i.t.j.JdbcTransaction [main] Opening JDBC Connection
2023-12-27 03:16:49,703 DEBUG o.a.i.d.p.PooledDataSource [main] Created connection 1846539844.
2023-12-27 03:16:49,713 DEBUG o.a.i.l.j.BaseJdbcLogger [main] ==>  Preparing: select * from operating_systems
2023-12-27 03:16:49,792 DEBUG o.a.i.l.j.BaseJdbcLogger [main] ==> Parameters: 
2023-12-27 03:16:49,897 DEBUG o.a.i.l.j.BaseJdbcLogger [main] <==      Total: 5
2023-12-27 03:16:49,925 INFO j.u.ArrayList [main] OperatingSystem{name='Windows 10', id=16}
2023-12-27 03:16:49,927 INFO j.u.ArrayList [main] OperatingSystem{name='Android 12', id=17}
2023-12-27 03:16:49,929 INFO j.u.ArrayList [main] OperatingSystem{name='iOS 17', id=18}
2023-12-27 03:16:49,930 INFO j.u.ArrayList [main] OperatingSystem{name='Android 13', id=19}
2023-12-27 03:16:49,931 INFO j.u.ArrayList [main] OperatingSystem{name='Windows 7', id=20}
2023-12-27 03:16:49,940 DEBUG o.a.i.l.j.BaseJdbcLogger [main] ==>  Preparing: delete from operating_systems where id=?
2023-12-27 03:16:49,951 DEBUG o.a.i.l.j.BaseJdbcLogger [main] ==> Parameters: 20(Integer)
2023-12-27 03:16:49,972 DEBUG o.a.i.l.j.BaseJdbcLogger [main] <==    Updates: 1
2023-12-27 03:16:49,974 DEBUG o.a.i.l.j.BaseJdbcLogger [main] ==>  Preparing: select * from operating_systems
2023-12-27 03:16:49,977 DEBUG o.a.i.l.j.BaseJdbcLogger [main] ==> Parameters: 
2023-12-27 03:16:49,985 DEBUG o.a.i.l.j.BaseJdbcLogger [main] <==      Total: 4
2023-12-27 03:16:49,990 INFO j.u.ArrayList [main] OperatingSystem{name='Windows 10', id=16}
2023-12-27 03:16:49,992 INFO j.u.ArrayList [main] OperatingSystem{name='Android 12', id=17}
2023-12-27 03:16:49,994 INFO j.u.ArrayList [main] OperatingSystem{name='iOS 17', id=18}
2023-12-27 03:16:49,996 INFO j.u.ArrayList [main] OperatingSystem{name='Android 13', id=19}
