2023-12-27 02:48:56,230 DEBUG o.a.i.l.LogFactory [main] Logging initialized using 'class org.apache.ibatis.logging.log4j2.Log4j2Impl' adapter.
2023-12-27 02:48:56,264 DEBUG o.a.i.d.p.PooledDataSource [main] PooledDataSource forcefully closed/removed all connections.
2023-12-27 02:48:56,266 DEBUG o.a.i.d.p.PooledDataSource [main] PooledDataSource forcefully closed/removed all connections.
2023-12-27 02:48:56,268 DEBUG o.a.i.d.p.PooledDataSource [main] PooledDataSource forcefully closed/removed all connections.
2023-12-27 02:48:56,269 DEBUG o.a.i.d.p.PooledDataSource [main] PooledDataSource forcefully closed/removed all connections.
2023-12-27 02:48:56,561 DEBUG o.a.i.t.j.JdbcTransaction [main] Opening JDBC Connection
2023-12-27 02:48:57,627 DEBUG o.a.i.d.p.PooledDataSource [main] Created connection 764358458.
2023-12-27 02:48:57,643 DEBUG o.a.i.l.j.BaseJdbcLogger [main] ==>  Preparing: select * from users
2023-12-27 02:48:57,717 DEBUG o.a.i.l.j.BaseJdbcLogger [main] ==> Parameters: 
2023-12-27 02:48:57,826 DEBUG o.a.i.l.j.BaseJdbcLogger [main] <==      Total: 5
2023-12-27 02:48:57,865 INFO j.u.ArrayList [main] User{firstName='Fausto', lastName='Villegas', age=19, id=5}
2023-12-27 02:48:57,866 INFO j.u.ArrayList [main] User{firstName='Manuel', lastName='Raimondi', age=23, id=6}
2023-12-27 02:48:57,868 INFO j.u.ArrayList [main] User{firstName='Bruno', lastName='Rodriguez', age=15, id=7}
2023-12-27 02:48:57,869 INFO j.u.ArrayList [main] User{firstName='Matias', lastName='Lopez', age=35, id=8}
2023-12-27 02:48:57,870 INFO j.u.ArrayList [main] User{firstName='Juan', lastName='Lopez', age=65, id=10}
2023-12-27 02:48:57,876 DEBUG o.a.i.l.j.BaseJdbcLogger [main] ==>  Preparing: delete from users where id=?
2023-12-27 02:48:57,883 DEBUG o.a.i.l.j.BaseJdbcLogger [main] ==> Parameters: 10(Integer)
2023-12-27 02:48:57,904 DEBUG o.a.i.l.j.BaseJdbcLogger [main] <==    Updates: 1
2023-12-27 02:48:57,906 DEBUG o.a.i.l.j.BaseJdbcLogger [main] ==>  Preparing: select * from users
2023-12-27 02:48:57,908 DEBUG o.a.i.l.j.BaseJdbcLogger [main] ==> Parameters: 
2023-12-27 02:48:57,915 DEBUG o.a.i.l.j.BaseJdbcLogger [main] <==      Total: 4
2023-12-27 02:48:57,917 INFO j.u.ArrayList [main] User{firstName='Fausto', lastName='Villegas', age=19, id=5}
2023-12-27 02:48:57,918 INFO j.u.ArrayList [main] User{firstName='Manuel', lastName='Raimondi', age=23, id=6}
2023-12-27 02:48:57,919 INFO j.u.ArrayList [main] User{firstName='Bruno', lastName='Rodriguez', age=15, id=7}
2023-12-27 02:48:57,920 INFO j.u.ArrayList [main] User{firstName='Matias', lastName='Lopez', age=35, id=8}
2023-12-27 02:48:57,921 DEBUG o.a.i.l.j.BaseJdbcLogger [main] ==>  Preparing: insert into users (`name`,`last_name`,`age`) value (?,?,?)
2023-12-27 02:48:57,932 DEBUG o.a.i.l.j.BaseJdbcLogger [main] ==> Parameters: Juan(String), Lopez(String), 65(Integer)
2023-12-27 02:48:57,946 DEBUG o.a.i.l.j.BaseJdbcLogger [main] <==    Updates: 1
2023-12-27 02:48:57,952 DEBUG o.a.i.l.j.BaseJdbcLogger [main] ==>  Preparing: select * from users
2023-12-27 02:48:57,954 DEBUG o.a.i.l.j.BaseJdbcLogger [main] ==> Parameters: 
2023-12-27 02:48:57,958 DEBUG o.a.i.l.j.BaseJdbcLogger [main] <==      Total: 5
2023-12-27 02:48:57,961 INFO j.u.ArrayList [main] User{firstName='Fausto', lastName='Villegas', age=19, id=5}
2023-12-27 02:48:57,962 INFO j.u.ArrayList [main] User{firstName='Manuel', lastName='Raimondi', age=23, id=6}
2023-12-27 02:48:57,962 INFO j.u.ArrayList [main] User{firstName='Bruno', lastName='Rodriguez', age=15, id=7}
2023-12-27 02:48:57,963 INFO j.u.ArrayList [main] User{firstName='Matias', lastName='Lopez', age=35, id=8}
2023-12-27 02:48:57,964 INFO j.u.ArrayList [main] User{firstName='Juan', lastName='Lopez', age=65, id=11}
