2023-12-27 01:57:54,956 INFO j.u.ArrayList$ArrayListSpliterator [main] User{firstName='Fausto', lastName='Villegas', age=19, id=0}
2023-12-27 01:57:54,964 INFO j.u.ArrayList$ArrayListSpliterator [main] User{firstName='Manuel', lastName='Raimondi', age=23, id=0}
2023-12-27 01:57:54,965 INFO j.u.ArrayList$ArrayListSpliterator [main] User{firstName='Bruno', lastName='Rodriguez', age=15, id=0}
2023-12-27 01:57:54,966 INFO j.u.ArrayList$ArrayListSpliterator [main] User{firstName='Matias', lastName='Lopez', age=35, id=0}
2023-12-27 01:57:54,967 INFO j.u.ArrayList$ArrayListSpliterator [main] User{firstName='Matias', lastName='Lopez', age=35, id=0}
2023-12-27 01:57:54,981 INFO j.u.ArrayList$ArrayListSpliterator [main] ContactInformation{email='faustovillegas@gmail.com', phoneNumber=11111, userId=5, id=0}
2023-12-27 01:57:54,982 INFO j.u.ArrayList$ArrayListSpliterator [main] ContactInformation{email='manuelraimondi@gmail.com', phoneNumber=222222, userId=6, id=0}
2023-12-27 01:57:55,000 INFO j.u.ArrayList$ArrayListSpliterator [main] OperatingSystem{name='Windows 10', id=0}
2023-12-27 01:57:55,001 INFO j.u.ArrayList$ArrayListSpliterator [main] OperatingSystem{name='Android 12', id=0}
2023-12-27 01:57:55,003 INFO j.u.ArrayList$ArrayListSpliterator [main] OperatingSystem{name='iOS 17', id=0}
2023-12-27 01:57:55,005 INFO j.u.ArrayList$ArrayListSpliterator [main] OperatingSystem{name='Android 13', id=0}
2023-12-27 01:57:55,454 DEBUG o.a.i.l.LogFactory [main] Logging initialized using 'class org.apache.ibatis.logging.log4j2.Log4j2Impl' adapter.
2023-12-27 01:57:55,520 DEBUG o.a.i.d.p.PooledDataSource [main] PooledDataSource forcefully closed/removed all connections.
2023-12-27 01:57:55,522 DEBUG o.a.i.d.p.PooledDataSource [main] PooledDataSource forcefully closed/removed all connections.
2023-12-27 01:57:55,523 DEBUG o.a.i.d.p.PooledDataSource [main] PooledDataSource forcefully closed/removed all connections.
2023-12-27 01:57:55,525 DEBUG o.a.i.d.p.PooledDataSource [main] PooledDataSource forcefully closed/removed all connections.
2023-12-27 01:57:55,787 DEBUG o.a.i.t.j.JdbcTransaction [main] Opening JDBC Connection
2023-12-27 01:57:55,845 DEBUG o.a.i.d.p.PooledDataSource [main] Created connection 238431319.
2023-12-27 01:57:55,855 DEBUG o.a.i.l.j.BaseJdbcLogger [main] ==>  Preparing: select * from users where id = ?
2023-12-27 01:57:55,921 DEBUG o.a.i.l.j.BaseJdbcLogger [main] ==> Parameters: 4(Integer)
2023-12-27 01:57:55,966 DEBUG o.a.i.l.j.BaseJdbcLogger [main] <==      Total: 0
