2023-12-27 00:57:27,310 INFO j.u.ArrayList$ArrayListSpliterator [main] User{firstName='Fausto', lastName='Villegas', age=19, id=0}
2023-12-27 00:57:27,320 INFO j.u.ArrayList$ArrayListSpliterator [main] User{firstName='Manuel', lastName='Raimondi', age=23, id=0}
2023-12-27 00:57:27,321 INFO j.u.ArrayList$ArrayListSpliterator [main] User{firstName='Bruno', lastName='Rodriguez', age=15, id=0}
2023-12-27 00:57:27,322 INFO j.u.ArrayList$ArrayListSpliterator [main] User{firstName='Matias', lastName='Lopez', age=35, id=0}
2023-12-27 00:57:27,323 INFO j.u.ArrayList$ArrayListSpliterator [main] User{firstName='Matias', lastName='Lopez', age=35, id=0}
2023-12-27 00:57:27,341 INFO j.u.ArrayList$ArrayListSpliterator [main] ContactInformation{email='faustovillegas@gmail.com', phoneNumber=11111, userId=5, id=0}
2023-12-27 00:57:27,342 INFO j.u.ArrayList$ArrayListSpliterator [main] ContactInformation{email='manuelraimondi@gmail.com', phoneNumber=222222, userId=6, id=0}
2023-12-27 00:57:27,363 INFO j.u.ArrayList$ArrayListSpliterator [main] OperatingSystem{name='Windows 10', id=0}
2023-12-27 00:57:27,365 INFO j.u.ArrayList$ArrayListSpliterator [main] OperatingSystem{name='Android 12', id=0}
2023-12-27 00:57:27,365 INFO j.u.ArrayList$ArrayListSpliterator [main] OperatingSystem{name='iOS 17', id=0}
2023-12-27 00:57:27,366 INFO j.u.ArrayList$ArrayListSpliterator [main] OperatingSystem{name='Android 13', id=0}
2023-12-27 00:57:27,842 DEBUG o.a.i.l.LogFactory [main] Logging initialized using 'class org.apache.ibatis.logging.log4j2.Log4j2Impl' adapter.
2023-12-27 00:57:27,875 DEBUG o.a.i.d.p.PooledDataSource [main] PooledDataSource forcefully closed/removed all connections.
2023-12-27 00:57:27,876 DEBUG o.a.i.d.p.PooledDataSource [main] PooledDataSource forcefully closed/removed all connections.
2023-12-27 00:57:27,877 DEBUG o.a.i.d.p.PooledDataSource [main] PooledDataSource forcefully closed/removed all connections.
2023-12-27 00:57:27,879 DEBUG o.a.i.d.p.PooledDataSource [main] PooledDataSource forcefully closed/removed all connections.
2023-12-27 00:57:28,163 DEBUG o.a.i.t.j.JdbcTransaction [main] Opening JDBC Connection
2023-12-27 00:57:28,230 DEBUG o.a.i.d.p.PooledDataSource [main] Created connection 1851522556.
2023-12-27 00:57:28,242 DEBUG o.a.i.l.j.BaseJdbcLogger [main] ==>  Preparing: select * from users where id = ?
2023-12-27 00:57:28,304 DEBUG o.a.i.l.j.BaseJdbcLogger [main] ==> Parameters: 4(Integer)
2023-12-27 00:57:28,348 DEBUG o.a.i.l.j.BaseJdbcLogger [main] <==      Total: 0
