2024-01-09 03:13:29,378 INFO m.j.c.s.d.Main [main] -----------DOM-----------
2024-01-09 03:13:29,510 INFO m.j.c.s.d.s.d.DomParser [main] User 1: firstName=Fausto
2024-01-09 03:13:29,511 INFO m.j.c.s.d.s.d.DomParser [main] User 1: lastName=Villegas
2024-01-09 03:13:29,512 INFO m.j.c.s.d.s.d.DomParser [main] User 1: age=19
2024-01-09 03:13:29,512 INFO m.j.c.s.d.s.d.DomParser [main] User 1: hireDate=2010-05-12
2024-01-09 03:13:29,513 INFO m.j.c.s.d.s.d.DomParser [main] User 1: contactInformation=
            faustovillegas2015@gmail.com
            2222222222
        
2024-01-09 03:13:29,515 INFO m.j.c.s.d.s.d.DomParser [main] User 1: phones=
            
                Samsung
                S22
                
                    Android 13
                
                
                    5500
                
            
            
                Samsung
                S21
                
                    Android 13
                
                
                    4400
                
            
        
2024-01-09 03:13:29,516 INFO m.j.c.s.d.s.d.DomParser [main] User 2: firstName=Juan
2024-01-09 03:13:29,517 INFO m.j.c.s.d.s.d.DomParser [main] User 2: lastName=Rodriguez
2024-01-09 03:13:29,519 INFO m.j.c.s.d.s.d.DomParser [main] User 2: age=23
2024-01-09 03:13:29,519 INFO m.j.c.s.d.s.d.DomParser [main] User 2: hireDate=2013-09-12
2024-01-09 03:13:29,520 INFO m.j.c.s.d.s.d.DomParser [main] User 2: contactInformation=
            juanm@gmail.com
            333333333
        
2024-01-09 03:13:29,521 INFO m.j.c.s.d.s.d.DomParser [main] User 2: phones=
            
                Samsung
                S22
                
                    Android 13
                
                
                    5500
                
            
            
                Samsung
                S21
                
                    Android 13
                
                
                    4400
                
            
        
2024-01-09 03:13:29,522 INFO m.j.c.s.d.Main [main] -----------JAXB-----------
2024-01-09 03:13:29,949 INFO m.j.c.s.d.Main [main] Users{usersList=[
 User{ID=1, firstName='Fausto', lastName='Villegas', age=19, contactInformation=ContactInformation{email='faustovillegas2015@gmail.com', phoneNumber=2222222222, id=1}, phoneList=[Phone{ID=1, brand='Samsung', model='S22', operatingSystem=OperatingSystem{name='Android 13', id=1}, battery=Battery{id=6, capacityMah=5500.0}}, Phone{ID=2, brand='Samsung', model='S21', operatingSystem=OperatingSystem{name='Android 13', id=1}, battery=Battery{id=7, capacityMah=4400.0}}], hireDate=Wed May 12 00:00:00 ART 2010}, 
 User{ID=2, firstName='Juan', lastName='Rodriguez', age=23, contactInformation=ContactInformation{email='juanm@gmail.com', phoneNumber=333333333, id=2}, phoneList=[Phone{ID=1, brand='Samsung', model='S22', operatingSystem=OperatingSystem{name='Android 13', id=1}, battery=Battery{id=6, capacityMah=5500.0}}, Phone{ID=2, brand='Samsung', model='S21', operatingSystem=OperatingSystem{name='Android 13', id=1}, battery=Battery{id=7, capacityMah=4400.0}}], hireDate=Thu Sep 12 00:00:00 ART 2013}]}
2024-01-09 03:13:29,950 INFO m.j.c.s.d.Main [main] -----------JACKSON-----------
2024-01-09 03:13:30,447 INFO m.j.c.s.d.Main [main] Users{usersList=[
 User{ID=1, firstName='Fausto', lastName='Villegas', age=19, contactInformation=ContactInformation{email='faustovillegas2015@gmail.com', phoneNumber=2222222222, id=1}, phoneList=[Phone{ID=1, brand='Samsung', model='S22', operatingSystem=OperatingSystem{name='Android 13', id=1}, battery=Battery{id=6, capacityMah=5500.0}}], hireDate=Tue May 11 21:00:00 ART 2010}, 
 User{ID=2, firstName='Juan', lastName='Rodriguez', age=23, contactInformation=ContactInformation{email='juanm@gmail.com', phoneNumber=333333333, id=2}, phoneList=[Phone{ID=1, brand='Samsung', model='S22', operatingSystem=OperatingSystem{name='Android 13', id=1}, battery=Battery{id=6, capacityMah=5500.0}}, Phone{ID=2, brand='Samsung', model='S21', operatingSystem=OperatingSystem{name='Android 13', id=1}, battery=Battery{id=7, capacityMah=4400.0}}], hireDate=Wed Sep 11 21:00:00 ART 2013}]}
